<?xml version="1.0" encoding="UTF-8"?>
<!-- Generated by org.testng.reporters.JUnitXMLReporter -->
<testsuite ignored="0" hostname="Sumits-Air.Dlink" failures="0" tests="4" name="Test" time="0.112" errors="0" timestamp="28 Aug 2019 04:38:54 GMT">
  <testcase classname="com.webApplication.Automation.TestNG.TestNGAnnotation3" name="test1" time="0.019"/>
  <testcase classname="com.webApplication.Automation.TestNG.TestNGAnnotation2" name="test1" time="0.004"/>
  <testcase classname="com.webApplication.Automation.TestNG.Class1" name="test5" time="0.002"/>
  <testcase classname="com.webApplication.Automation.TestNG.TestNGAnnotation" name="test1" time="0.005"/>
</testsuite> <!-- Test -->
