<?xml version="1.0" encoding="UTF-8"?>
<testng-results ignored="0" total="4" passed="4" failed="0" skipped="0">
  <reporter-output>
  </reporter-output>
  <suite started-at="2019-08-28T04:38:54Z" name="Suite" finished-at="2019-08-28T04:38:54Z" duration-ms="112">
    <groups>
    </groups>
    <test started-at="2019-08-28T04:38:54Z" name="Test" finished-at="2019-08-28T04:38:54Z" duration-ms="112">
      <class name="com.webApplication.Automation.TestNG.TestNGAnnotation">
        <test-method signature="test1()[pri:0, instance:com.webApplication.Automation.TestNG.TestNGAnnotation@41c2284a]" started-at="2019-08-28T04:38:54Z" name="test1" finished-at="2019-08-28T04:38:54Z" duration-ms="5" status="PASS">
          <reporter-output>
          </reporter-output>
        </test-method> <!-- test1 -->
      </class> <!-- com.webApplication.Automation.TestNG.TestNGAnnotation -->
      <class name="com.webApplication.Automation.TestNG.TestNGAnnotation3">
        <test-method signature="test1()[pri:0, instance:com.webApplication.Automation.TestNG.TestNGAnnotation3@c03cf28]" started-at="2019-08-28T04:38:54Z" name="test1" finished-at="2019-08-28T04:38:54Z" duration-ms="19" status="PASS">
          <reporter-output>
          </reporter-output>
        </test-method> <!-- test1 -->
      </class> <!-- com.webApplication.Automation.TestNG.TestNGAnnotation3 -->
      <class name="com.webApplication.Automation.TestNG.Class1">
        <test-method signature="test5()[pri:0, instance:com.webApplication.Automation.TestNG.Class1@6497b078]" started-at="2019-08-28T04:38:54Z" name="test5" finished-at="2019-08-28T04:38:54Z" duration-ms="2" status="PASS">
          <reporter-output>
          </reporter-output>
        </test-method> <!-- test5 -->
      </class> <!-- com.webApplication.Automation.TestNG.Class1 -->
      <class name="com.webApplication.Automation.TestNG.TestNGAnnotation2">
        <test-method signature="test1()[pri:0, instance:com.webApplication.Automation.TestNG.TestNGAnnotation2@1329eff]" started-at="2019-08-28T04:38:54Z" name="test1" finished-at="2019-08-28T04:38:54Z" duration-ms="4" status="PASS">
          <reporter-output>
          </reporter-output>
        </test-method> <!-- test1 -->
      </class> <!-- com.webApplication.Automation.TestNG.TestNGAnnotation2 -->
    </test> <!-- Test -->
  </suite> <!-- Suite -->
</testng-results>
